2023-09-11 11:07:02,129 INFO  StartupInfoLogger:51 - [] Starting JournalsApplication using Java 17.0.8 with PID 1724 (C:\journals\target\classes started by mnikh in C:\journals)
2023-09-11 11:07:02,132 DEBUG StartupInfoLogger:52 - [] Running with Spring Boot v3.1.3, Spring v6.0.11
2023-09-11 11:07:02,133 INFO  SpringApplication:634 - [] No active profile set, falling back to 1 default profile: "default"
2023-09-11 11:07:08,658 INFO  StartupInfoLogger:57 - [] Started JournalsApplication in 7.009 seconds (process running for 8.674)
2023-09-11 16:18:56,019 INFO  StartupInfoLogger:51 - [] Starting JournalsApplication using Java 17.0.8 with PID 18924 (C:\journals\target\classes started by mnikh in C:\journals)
2023-09-11 16:18:56,022 DEBUG StartupInfoLogger:52 - [] Running with Spring Boot v3.1.3, Spring v6.0.11
2023-09-11 16:18:56,024 INFO  SpringApplication:634 - [] No active profile set, falling back to 1 default profile: "default"
2023-09-11 16:19:02,697 INFO  StartupInfoLogger:57 - [] Started JournalsApplication in 7.189 seconds (process running for 9.765)
2023-09-11 16:19:31,755 INFO  StartupInfoLogger:51 - [] Starting JournalsApplication using Java 17.0.8 with PID 12912 (C:\journals\target\classes started by mnikh in C:\journals)
2023-09-11 16:19:31,758 DEBUG StartupInfoLogger:52 - [] Running with Spring Boot v3.1.3, Spring v6.0.11
2023-09-11 16:19:31,760 INFO  SpringApplication:634 - [] No active profile set, falling back to 1 default profile: "default"
2023-09-11 16:19:37,562 INFO  StartupInfoLogger:57 - [] Started JournalsApplication in 6.434 seconds (process running for 7.283)
2023-09-11 16:51:02,488 INFO  StartupInfoLogger:51 - [] Starting JournalsApplication using Java 17.0.8 with PID 19268 (C:\journals\target\classes started by mnikh in C:\journals)
2023-09-11 16:51:02,490 DEBUG StartupInfoLogger:52 - [] Running with Spring Boot v3.1.3, Spring v6.0.11
2023-09-11 16:51:02,492 INFO  SpringApplication:634 - [] No active profile set, falling back to 1 default profile: "default"
2023-09-11 16:51:54,482 INFO  StartupInfoLogger:51 - [] Starting JournalsApplication using Java 17.0.8 with PID 12976 (C:\journals\target\classes started by mnikh in C:\journals)
2023-09-11 16:51:54,485 DEBUG StartupInfoLogger:52 - [] Running with Spring Boot v3.1.3, Spring v6.0.11
2023-09-11 16:51:54,488 INFO  SpringApplication:634 - [] No active profile set, falling back to 1 default profile: "default"2023-09-11 17:19:14,634 INFO  StartupInfoLogger:51 - [] Starting JournalsApplication using Java 17.0.8 with PID 13268 (C:\journals\target\classes started by mnikh in C:\journals)
2023-09-11 17:19:14,639 DEBUG StartupInfoLogger:52 - [] Running with Spring Boot v3.1.3, Spring v6.0.11
2023-09-11 17:19:14,641 INFO  SpringApplication:634 - [] No active profile set, falling back to 1 default profile: "default"
2023-09-11 18:46:28,139 INFO  StartupInfoLogger:51 - [] Starting JournalsApplication using Java 17.0.8 with PID 19384 (C:\journals\target\classes started by mnikh in C:\journals)
2023-09-11 18:46:28,141 DEBUG StartupInfoLogger:52 - [] Running with Spring Boot v3.1.3, Spring v6.0.11
2023-09-11 18:46:28,143 INFO  SpringApplication:634 - [] No active profile set, falling back to 1 default profile: "default"
2023-09-11 18:48:42,742 INFO  StartupInfoLogger:51 - [] Starting JournalsApplication using Java 17.0.8 with PID 22768 (C:\journals\target\classes started by mnikh in C:\journals)
2023-09-11 18:48:42,745 DEBUG StartupInfoLogger:52 - [] Running with Spring Boot v3.1.3, Spring v6.0.11
2023-09-11 18:48:42,748 INFO  SpringApplication:634 - [] No active profile set, falling back to 1 default profile: "default"
2023-09-11 18:54:02,616 INFO  StartupInfoLogger:51 - [] Starting JournalsApplication using Java 17.0.8 with PID 6376 (C:\journals\target\classes started by mnikh in C:\journals)
2023-09-11 18:54:02,622 DEBUG StartupInfoLogger:52 - [] Running with Spring Boot v3.1.3, Spring v6.0.11
2023-09-11 18:54:02,624 INFO  SpringApplication:634 - [] No active profile set, falling back to 1 default profile: "default"
2023-09-11 18:59:24,688 INFO  StartupInfoLogger:51 - [] Starting JournalsApplication using Java 17.0.8 with PID 19488 (C:\journals\target\classes started by mnikh in C:\journals)
2023-09-11 18:59:24,692 DEBUG StartupInfoLogger:52 - [] Running with Spring Boot v3.1.3, Spring v6.0.11
2023-09-11 18:59:24,693 INFO  SpringApplication:634 - [] No active profile set, falling back to 1 default profile: "default"
2023-09-11 19:10:00,326 INFO  StartupInfoLogger:51 - [] Starting JournalsApplication using Java 17.0.8 with PID 24064 (C:\journals\target\classes started by mnikh in C:\journals)
2023-09-11 19:10:00,328 DEBUG StartupInfoLogger:52 - [] Running with Spring Boot v3.1.3, Spring v6.0.11
2023-09-11 19:10:00,329 INFO  SpringApplication:634 - [] No active profile set, falling back to 1 default profile: "default"
2023-09-11 19:10:17,771 INFO  StartupInfoLogger:51 - [] Starting JournalsApplication using Java 17.0.8 with PID 23932 (C:\journals\target\classes started by mnikh in C:\journals)
2023-09-11 19:10:17,776 DEBUG StartupInfoLogger:52 - [] Running with Spring Boot v3.1.3, Spring v6.0.11
2023-09-11 19:10:17,777 INFO  SpringApplication:634 - [] No active profile set, falling back to 1 default profile: "default"
2023-09-11 19:11:36,388 INFO  StartupInfoLogger:51 - [] Starting JournalsApplication using Java 17.0.8 with PID 12156 (C:\journals\target\classes started by mnikh in C:\journals)
2023-09-11 19:11:36,392 DEBUG StartupInfoLogger:52 - [] Running with Spring Boot v3.1.3, Spring v6.0.11
2023-09-11 19:11:36,394 INFO  SpringApplication:634 - [] No active profile set, falling back to 1 default profile: "default"
2023-09-11 19:13:01,085 INFO  StartupInfoLogger:51 - [] Starting JournalsApplication using Java 17.0.8 with PID 12308 (C:\journals\target\classes started by mnikh in C:\journals)
2023-09-11 19:13:01,088 DEBUG StartupInfoLogger:52 - [] Running with Spring Boot v3.1.3, Spring v6.0.11
2023-09-11 19:13:01,089 INFO  SpringApplication:634 - [] No active profile set, falling back to 1 default profile: "default"
2023-09-11 19:25:16,332 INFO  StartupInfoLogger:51 - [] Starting JournalsApplication using Java 17.0.8 with PID 21864 (C:\journals\target\classes started by mnikh in C:\journals)
2023-09-11 19:25:16,336 DEBUG StartupInfoLogger:52 - [] Running with Spring Boot v3.1.3, Spring v6.0.11
2023-09-11 19:25:16,338 INFO  SpringApplication:634 - [] No active profile set, falling back to 1 default profile: "default"
2023-09-11 19:27:18,366 INFO  StartupInfoLogger:51 - [] Starting JournalsApplication using Java 17.0.8 with PID 9552 (C:\journals\target\classes started by mnikh in C:\journals)
2023-09-11 19:27:18,370 DEBUG StartupInfoLogger:52 - [] Running with Spring Boot v3.1.3, Spring v6.0.11
2023-09-11 19:27:18,371 INFO  SpringApplication:634 - [] No active profile set, falling back to 1 default profile: "default"
2023-09-11 19:31:10,940 INFO  StartupInfoLogger:51 - [] Starting JournalsApplication using Java 17.0.8 with PID 24504 (C:\journals\target\classes started by mnikh in C:\journals)
2023-09-11 19:31:10,942 DEBUG StartupInfoLogger:52 - [] Running with Spring Boot v3.1.3, Spring v6.0.11
2023-09-11 19:31:10,943 INFO  SpringApplication:634 - [] No active profile set, falling back to 1 default profile: "default"
2023-09-11 19:42:21,679 INFO  StartupInfoLogger:51 - [] Starting JournalsApplication using Java 17.0.8 with PID 5336 (C:\journals\target\classes started by mnikh in C:\journals)
2023-09-11 19:42:21,681 DEBUG StartupInfoLogger:52 - [] Running with Spring Boot v3.1.3, Spring v6.0.11
2023-09-11 19:42:21,682 INFO  SpringApplication:634 - [] No active profile set, falling back to 1 default profile: "default"
2023-09-11 19:42:31,635 INFO  StartupInfoLogger:51 - [] Starting JournalsApplication using Java 17.0.8 with PID 3576 (C:\journals\target\classes started by mnikh in C:\journals)
2023-09-11 19:42:31,638 DEBUG StartupInfoLogger:52 - [] Running with Spring Boot v3.1.3, Spring v6.0.11
2023-09-11 19:42:31,639 INFO  SpringApplication:634 - [] No active profile set, falling back to 1 default profile: "default"
2023-09-12 16:17:36,624 INFO  StartupInfoLogger:51 - [] Starting JournalsApplication using Java 17.0.8 with PID 23224 (C:\journals\target\classes started by mnikh in C:\journals)
2023-09-12 16:17:36,625 DEBUG StartupInfoLogger:52 - [] Running with Spring Boot v3.1.3, Spring v6.0.11
2023-09-12 16:17:36,626 INFO  SpringApplication:634 - [] No active profile set, falling back to 1 default profile: "default"
2023-09-12 16:21:47,307 INFO  StartupInfoLogger:51 - [] Starting JournalsApplication using Java 17.0.8 with PID 17396 (C:\journals\target\classes started by mnikh in C:\journals)
2023-09-12 16:21:47,311 DEBUG StartupInfoLogger:52 - [] Running with Spring Boot v3.1.3, Spring v6.0.11
2023-09-12 16:21:47,312 INFO  SpringApplication:634 - [] No active profile set, falling back to 1 default profile: "default"
2023-09-12 16:25:54,639 INFO  StartupInfoLogger:51 - [] Starting JournalsApplication using Java 17.0.8 with PID 21664 (C:\journals\target\classes started by mnikh in C:\journals)
2023-09-12 16:25:54,641 DEBUG StartupInfoLogger:52 - [] Running with Spring Boot v3.1.3, Spring v6.0.11
2023-09-12 16:25:54,642 INFO  SpringApplication:634 - [] No active profile set, falling back to 1 default profile: "default"
2023-09-12 16:42:32,513 INFO  StartupInfoLogger:51 - [] Starting JournalsApplication using Java 17.0.8 with PID 5760 (C:\journals\target\classes started by mnikh in C:\journals)
2023-09-12 16:42:32,516 DEBUG StartupInfoLogger:52 - [] Running with Spring Boot v3.1.3, Spring v6.0.11
2023-09-12 16:42:32,517 INFO  SpringApplication:634 - [] No active profile set, falling back to 1 default profile: "default"
2023-09-12 16:53:12,235 INFO  StartupInfoLogger:51 - [] Starting JournalsApplication using Java 17.0.8 with PID 8116 (C:\journals\target\classes started by mnikh in C:\journals)
2023-09-12 16:53:12,237 DEBUG StartupInfoLogger:52 - [] Running with Spring Boot v3.1.3, Spring v6.0.11
2023-09-12 16:53:12,238 INFO  SpringApplication:634 - [] No active profile set, falling back to 1 default profile: "default"
